<?xml version="1.0" encoding="UTF-8"?>
<robot generator="Robot 7.3.2 (Python 3.9.6 on darwin)" generated="2026-04-22T18:08:58.284581" rpa="false" schemaversion="5">
<suite id="s1" name="Temp" source="/Users/wattmonk/Desktop/AUTOSCRIPT_20APRIL/AutoScript_Genarator.Ai/backend/temp.robot">
<test id="s1-t1" name="End To End Flow" line="17">
<kw name="Evaluate" owner="BuiltIn">
<msg time="2026-04-22T18:08:58.454206" level="INFO">${options} = &lt;selenium.webdriver.chrome.options.Options object at 0x106e306a0&gt;</msg>
<var>${options}</var>
<arg>sys.modules['selenium.webdriver'].ChromeOptions()</arg>
<arg>sys, selenium.webdriver</arg>
<doc>Evaluates the given expression in Python and returns the result.</doc>
<status status="PASS" start="2026-04-22T18:08:58.453902" elapsed="0.000343"/>
</kw>
<kw name="Call Method" owner="BuiltIn">
<arg>${options}</arg>
<arg>add_argument</arg>
<arg>--disable-notifications</arg>
<doc>Calls the named method of the given object with the provided arguments.</doc>
<status status="PASS" start="2026-04-22T18:08:58.454380" elapsed="0.000147"/>
</kw>
<kw name="Call Method" owner="BuiltIn">
<arg>${options}</arg>
<arg>add_argument</arg>
<arg>--disable-infobars</arg>
<doc>Calls the named method of the given object with the provided arguments.</doc>
<status status="PASS" start="2026-04-22T18:08:58.454655" elapsed="0.000151"/>
</kw>
<kw name="Create Dictionary" owner="BuiltIn">
<msg time="2026-04-22T18:08:58.462927" level="INFO">${prefs} = {'profile.default_content_setting_values.notifications': '2', 'credentials_enable_service': False, 'profile.password_manager_enabled': False}</msg>
<var>${prefs}</var>
<arg>profile.default_content_setting_values.notifications=2</arg>
<arg>credentials_enable_service=${False}</arg>
<arg>profile.password_manager_enabled=${False}</arg>
<doc>Creates and returns a dictionary based on the given ``items``.</doc>
<status status="PASS" start="2026-04-22T18:08:58.454930" elapsed="0.008048"/>
</kw>
<kw name="Call Method" owner="BuiltIn">
<arg>${options}</arg>
<arg>add_experimental_option</arg>
<arg>prefs</arg>
<arg>${prefs}</arg>
<doc>Calls the named method of the given object with the provided arguments.</doc>
<status status="PASS" start="2026-04-22T18:08:58.463128" elapsed="0.000204"/>
</kw>
<kw name="Create Webdriver" owner="SeleniumLibrary">
<msg time="2026-04-22T18:08:58.463637" level="INFO">Creating an instance of the Chrome WebDriver.</msg>
<arg>Chrome</arg>
<arg>options=${options}</arg>
<doc>Creates an instance of Selenium WebDriver.</doc>
<status status="PASS" start="2026-04-22T18:08:58.463452" elapsed="1.934978"/>
</kw>
<kw name="Go To" owner="SeleniumLibrary">
<msg time="2026-04-22T18:09:00.417587" level="INFO">Opening url 'https://ensite.wattmonk.com/'</msg>
<arg>${URL}</arg>
<doc>Navigates the current browser window to the provided ``url``.</doc>
<status status="PASS" start="2026-04-22T18:09:00.399890" elapsed="7.758448"/>
</kw>
<kw name="Maximize Browser Window" owner="SeleniumLibrary">
<doc>Maximizes current browser window.</doc>
<status status="PASS" start="2026-04-22T18:09:08.159484" elapsed="0.318521"/>
</kw>
<kw name="Wait And Input">
<kw name="Wait Until Keyword Succeeds" owner="BuiltIn">
<kw name="Wait Until Element Is Visible" owner="SeleniumLibrary">
<arg>${locator}</arg>
<arg>15s</arg>
<doc>Waits until the element ``locator`` is visible.</doc>
<status status="PASS" start="2026-04-22T18:09:08.479880" elapsed="0.023247"/>
</kw>
<arg>10x</arg>
<arg>2s</arg>
<arg>Wait Until Element Is Visible</arg>
<arg>${locator}</arg>
<arg>15s</arg>
<doc>Runs the specified keyword and retries if it fails.</doc>
<status status="PASS" start="2026-04-22T18:09:08.479508" elapsed="0.023749"/>
</kw>
<kw name="Wait Until Keyword Succeeds" owner="BuiltIn">
<kw name="Input Text" owner="SeleniumLibrary">
<msg time="2026-04-22T18:09:08.504083" level="INFO">Typing text 'Shilpi_prepaid@gmail.com' into text field 'id=input_email'.</msg>
<arg>${locator}</arg>
<arg>${text}</arg>
<doc>Types the given ``text`` into the text field identified by ``locator``.</doc>
<status status="PASS" start="2026-04-22T18:09:08.503697" elapsed="0.160217"/>
</kw>
<arg>10x</arg>
<arg>2s</arg>
<arg>Input Text</arg>
<arg>${locator}</arg>
<arg>${text}</arg>
<doc>Runs the specified keyword and retries if it fails.</doc>
<status status="PASS" start="2026-04-22T18:09:08.503444" elapsed="0.160635"/>
</kw>
<arg>id=input_email</arg>
<arg>Shilpi_prepaid@gmail.com</arg>
<status status="PASS" start="2026-04-22T18:09:08.478777" elapsed="0.185448"/>
</kw>
<kw name="Wait And Input">
<kw name="Wait Until Keyword Succeeds" owner="BuiltIn">
<kw name="Wait Until Element Is Visible" owner="SeleniumLibrary">
<arg>${locator}</arg>
<arg>15s</arg>
<doc>Waits until the element ``locator`` is visible.</doc>
<status status="PASS" start="2026-04-22T18:09:08.665212" elapsed="0.075201"/>
</kw>
<arg>10x</arg>
<arg>2s</arg>
<arg>Wait Until Element Is Visible</arg>
<arg>${locator}</arg>
<arg>15s</arg>
<doc>Runs the specified keyword and retries if it fails.</doc>
<status status="PASS" start="2026-04-22T18:09:08.664960" elapsed="0.075638"/>
</kw>
<kw name="Wait Until Keyword Succeeds" owner="BuiltIn">
<kw name="Input Text" owner="SeleniumLibrary">
<msg time="2026-04-22T18:09:08.741597" level="INFO">Typing text 'Shubham@123' into text field 'id=password'.</msg>
<arg>${locator}</arg>
<arg>${text}</arg>
<doc>Types the given ``text`` into the text field identified by ``locator``.</doc>
<status status="PASS" start="2026-04-22T18:09:08.741213" elapsed="0.202191"/>
</kw>
<arg>10x</arg>
<arg>2s</arg>
<arg>Input Text</arg>
<arg>${locator}</arg>
<arg>${text}</arg>
<doc>Runs the specified keyword and retries if it fails.</doc>
<status status="PASS" start="2026-04-22T18:09:08.740863" elapsed="0.202878"/>
</kw>
<arg>id=password</arg>
<arg>Shubham@123</arg>
<status status="PASS" start="2026-04-22T18:09:08.664493" elapsed="0.279509"/>
</kw>
<kw name="Wait And Click">
<kw name="Wait Until Keyword Succeeds" owner="BuiltIn">
<kw name="Wait Until Element Is Visible" owner="SeleniumLibrary">
<arg>${locator}</arg>
<arg>15s</arg>
<doc>Waits until the element ``locator`` is visible.</doc>
<status status="PASS" start="2026-04-22T18:09:08.945496" elapsed="0.013005"/>
</kw>
<arg>10x</arg>
<arg>2s</arg>
<arg>Wait Until Element Is Visible</arg>
<arg>${locator}</arg>
<arg>15s</arg>
<doc>Runs the specified keyword and retries if it fails.</doc>
<status status="PASS" start="2026-04-22T18:09:08.945116" elapsed="0.013538"/>
</kw>
<kw name="Wait Until Keyword Succeeds" owner="BuiltIn">
<kw name="Click Element" owner="SeleniumLibrary">
<msg time="2026-04-22T18:09:08.959352" level="INFO">Clicking element 'id=btn_signin_form_submit'.</msg>
<arg>${locator}</arg>
<doc>Click the element identified by ``locator``.</doc>
<status status="PASS" start="2026-04-22T18:09:08.959096" elapsed="0.087241"/>
</kw>
<arg>10x</arg>
<arg>2s</arg>
<arg>Click Element</arg>
<arg>${locator}</arg>
<doc>Runs the specified keyword and retries if it fails.</doc>
<status status="PASS" start="2026-04-22T18:09:08.958839" elapsed="0.087628"/>
</kw>
<arg>id=btn_signin_form_submit</arg>
<status status="PASS" start="2026-04-22T18:09:08.944440" elapsed="0.102127"/>
</kw>
<kw name="Wait And Click">
<kw name="Wait Until Keyword Succeeds" owner="BuiltIn">
<kw name="Wait Until Element Is Visible" owner="SeleniumLibrary">
<arg>${locator}</arg>
<arg>15s</arg>
<doc>Waits until the element ``locator`` is visible.</doc>
<status status="PASS" start="2026-04-22T18:09:09.047414" elapsed="0.649912"/>
</kw>
<arg>10x</arg>
<arg>2s</arg>
<arg>Wait Until Element Is Visible</arg>
<arg>${locator}</arg>
<arg>15s</arg>
<doc>Runs the specified keyword and retries if it fails.</doc>
<status status="PASS" start="2026-04-22T18:09:09.047185" elapsed="0.650379"/>
</kw>
<kw name="Wait Until Keyword Succeeds" owner="BuiltIn">
<kw name="Click Element" owner="SeleniumLibrary">
<msg time="2026-04-22T18:09:09.698197" level="INFO">Clicking element 'xpath=/html/body/app-root/layout/compact-layout/fuse-vertical-navigation/div/div[2]/fuse-vertical-navigation-basic-item[2]/div/div/img'.</msg>
<arg>${locator}</arg>
<doc>Click the element identified by ``locator``.</doc>
<status status="PASS" start="2026-04-22T18:09:09.697971" elapsed="0.038881"/>
</kw>
<arg>10x</arg>
<arg>2s</arg>
<arg>Click Element</arg>
<arg>${locator}</arg>
<doc>Runs the specified keyword and retries if it fails.</doc>
<status status="PASS" start="2026-04-22T18:09:09.697739" elapsed="0.039303"/>
</kw>
<arg>${ELEM_5_ELEMENT}</arg>
<status status="PASS" start="2026-04-22T18:09:09.046788" elapsed="0.690347"/>
</kw>
<kw name="Wait And Click">
<kw name="Wait Until Keyword Succeeds" owner="BuiltIn">
<kw name="Wait Until Element Is Visible" owner="SeleniumLibrary">
<arg>${locator}</arg>
<arg>15s</arg>
<doc>Waits until the element ``locator`` is visible.</doc>
<status status="PASS" start="2026-04-22T18:09:09.737847" elapsed="0.440423"/>
</kw>
<arg>10x</arg>
<arg>2s</arg>
<arg>Wait Until Element Is Visible</arg>
<arg>${locator}</arg>
<arg>15s</arg>
<doc>Runs the specified keyword and retries if it fails.</doc>
<status status="PASS" start="2026-04-22T18:09:09.737654" elapsed="0.440877"/>
</kw>
<kw name="Wait Until Keyword Succeeds" owner="BuiltIn">
<kw name="Click Element" owner="SeleniumLibrary">
<msg time="2026-04-22T18:09:10.179179" level="INFO">Clicking element 'id=survey_add_form'.</msg>
<arg>${locator}</arg>
<doc>Click the element identified by ``locator``.</doc>
<status status="PASS" start="2026-04-22T18:09:10.178957" elapsed="0.077020"/>
</kw>
<arg>10x</arg>
<arg>2s</arg>
<arg>Click Element</arg>
<arg>${locator}</arg>
<doc>Runs the specified keyword and retries if it fails.</doc>
<status status="PASS" start="2026-04-22T18:09:10.178720" elapsed="0.077379"/>
</kw>
<arg>id=survey_add_form</arg>
<status status="PASS" start="2026-04-22T18:09:09.737323" elapsed="0.518872"/>
</kw>
<kw name="Wait And Click">
<kw name="Wait Until Keyword Succeeds" owner="BuiltIn">
<kw name="Wait Until Element Is Visible" owner="SeleniumLibrary">
<arg>${locator}</arg>
<arg>15s</arg>
<doc>Waits until the element ``locator`` is visible.</doc>
<status status="PASS" start="2026-04-22T18:09:10.256916" elapsed="0.240630"/>
</kw>
<arg>10x</arg>
<arg>2s</arg>
<arg>Wait Until Element Is Visible</arg>
<arg>${locator}</arg>
<arg>15s</arg>
<doc>Runs the specified keyword and retries if it fails.</doc>
<status status="PASS" start="2026-04-22T18:09:10.256717" elapsed="0.240954"/>
</kw>
<kw name="Wait Until Keyword Succeeds" owner="BuiltIn">
<kw name="Click Element" owner="SeleniumLibrary">
<msg time="2026-04-22T18:09:10.498285" level="INFO">Clicking element 'id=sales_close'.</msg>
<msg time="2026-04-22T18:09:11.742536" level="INFO" html="true">&lt;/td&gt;&lt;/tr&gt;&lt;tr&gt;&lt;td colspan="3"&gt;&lt;a href="selenium-screenshot-36.png"&gt;&lt;img src="selenium-screenshot-36.png" width="800px"&gt;&lt;/a&gt;</msg>
<msg time="2026-04-22T18:09:11.743006" level="FAIL">ElementClickInterceptedException: Message: element click intercepted: Element &lt;button _ngcontent-koo-c156="" id="sales_close" mat-icon-button="" class="mat-focus-indicator mat-icon-button mat-button-base cdk-focused cdk-program-focused" style="margin-top: -22px;"&gt;...&lt;/button&gt; is not clickable at point (1390, 48). Other element would receive the click: &lt;div _ngcontent-koo-c87="" id="pause" class="d-flex align-items-center justify-content-center"&gt;...&lt;/div&gt;
  (Session info: chrome=147.0.7727.102); For documentation on this error, please visit: https://www.selenium.dev/documentation/webdriver/troubleshooting/errors#elementclickinterceptedexception
Stacktrace:
0   chromedriver                        0x0000000102d3fabc cxxbridge1$str$ptr + 3192864
1   chromedriver                        0x0000000102d37a8c cxxbridge1$str$ptr + 3160048
2   chromedriver                        0x00000001028037c0 _RNvCs10ygTOo3JCa_7___rustc35___rust_no_alloc_shim_is_unstable_v2 + 75348
3   chromedriver                        0x000000010285114c _RNvCs10ygTOo3JCa_7___rustc35___rust_no_alloc_shim_is_unstable_v2 + 393184
4   chromedriver                        0x000000010284f674 _RNvCs10ygTOo3JCa_7___rustc35___rust_no_alloc_shim_is_unstable_v2 + 386312
5   chromedriver                        0x000000010284d3dc _RNvCs10ygTOo3JCa_7___rustc35___rust_no_alloc_shim_is_unstable_v2 + 377456
6   chromedriver                        0x000000010284c77c _RNvCs10ygTOo3JCa_7___rustc35___rust_no_alloc_shim_is_unstable_v2 + 374288
7   chromedriver                        0x00000001028428dc _RNvCs10ygTOo3JCa_7___rustc35___rust_no_alloc_shim_is_unstable_v2 + 333680
8   chromedriver                        0x0000000102842358 _RNvCs10ygTOo3JCa_7___rustc35___rust_no_alloc_shim_is_unstable_v2 + 332268
9   chromedriver                        0x000000010288b448 _RNvCs10ygTOo3JCa_7___rustc35___rust_no_alloc_shim_is_unstable_v2 + 631516
10  chromedriver                        0x0000000102840e50 _RNvCs10ygTOo3JCa_7___rustc35___rust_no_alloc_shim_is_unstable_v2 + 326884
11  chromedriver                        0x0000000102cfd248 cxxbridge1$str$ptr + 2920364
12  chromedriver                        0x0000000102d00a28 cxxbridge1$str$ptr + 2934668
13  chromedriver                        0x0000000102ce31fc cxxbridge1$str$ptr + 2813792
14  chromedriver                        0x0000000102d012a8 cxxbridge1$str$ptr + 2936844
15  chromedriver                        0x0000000102cd4024 cxxbridge1$str$ptr + 2751880
16  chromedriver                        0x0000000102d26988 cxxbridge1$str$ptr + 3090156
17  chromedriver                        0x0000000102d26b04 cxxbridge1$str$ptr + 3090536
18  chromedriver                        0x0000000102d376e4 cxxbridge1$str$ptr + 3159112
19  libsystem_pthread.dylib             0x0000000189553c08 _pthread_start + 136
20  libsystem_pthread.dylib             0x000000018954eba8 thread_start + 8
</msg>
<arg>${locator}</arg>
<doc>Click the element identified by ``locator``.</doc>
<status status="FAIL" start="2026-04-22T18:09:10.498064" elapsed="1.248648">ElementClickInterceptedException: Message: element click intercepted: Element &lt;button _ngcontent-koo-c156="" id="sales_close" mat-icon-button="" class="mat-focus-indicator mat-icon-button mat-button-base cdk-focused cdk-program-focused" style="margin-top: -22px;"&gt;...&lt;/button&gt; is not clickable at point (1390, 48). Other element would receive the click: &lt;div _ngcontent-koo-c87="" id="pause" class="d-flex align-items-center justify-content-center"&gt;...&lt;/div&gt;
  (Session info: chrome=147.0.7727.102); For documentation on this error, please visit: https://www.selenium.dev/documentation/webdriver/troubleshooting/errors#elementclickinterceptedexception
Stacktrace:
0   chromedriver                        0x0000000102d3fabc cxxbridge1$str$ptr + 3192864
1   chromedriver                        0x0000000102d37a8c cxxbridge1$str$ptr + 3160048
2   chromedriver                        0x00000001028037c0 _RNvCs10ygTOo3JCa_7___rustc35___rust_no_alloc_shim_is_unstable_v2 + 75348
3   chromedriver                        0x000000010285114c _RNvCs10ygTOo3JCa_7___rustc35___rust_no_alloc_shim_is_unstable_v2 + 393184
4   chromedriver                        0x000000010284f674 _RNvCs10ygTOo3JCa_7___rustc35___rust_no_alloc_shim_is_unstable_v2 + 386312
    [ Message content over the limit has been removed. ]
... _RNvCs10ygTOo3JCa_7___rustc35___rust_no_alloc_shim_is_unstable_v2 + 326884
11  chromedriver                        0x0000000102cfd248 cxxbridge1$str$ptr + 2920364
12  chromedriver                        0x0000000102d00a28 cxxbridge1$str$ptr + 2934668
13  chromedriver                        0x0000000102ce31fc cxxbridge1$str$ptr + 2813792
14  chromedriver                        0x0000000102d012a8 cxxbridge1$str$ptr + 2936844
15  chromedriver                        0x0000000102cd4024 cxxbridge1$str$ptr + 2751880
16  chromedriver                        0x0000000102d26988 cxxbridge1$str$ptr + 3090156
17  chromedriver                        0x0000000102d26b04 cxxbridge1$str$ptr + 3090536
18  chromedriver                        0x0000000102d376e4 cxxbridge1$str$ptr + 3159112
19  libsystem_pthread.dylib             0x0000000189553c08 _pthread_start + 136
20  libsystem_pthread.dylib             0x000000018954eba8 thread_start + 8</status>
</kw>
<kw name="Click Element" owner="SeleniumLibrary">
<msg time="2026-04-22T18:09:13.748108" level="INFO">Clicking element 'id=sales_close'.</msg>
<arg>${locator}</arg>
<doc>Click the element identified by ``locator``.</doc>
<status status="PASS" start="2026-04-22T18:09:13.747516" elapsed="0.044625"/>
</kw>
<arg>10x</arg>
<arg>2s</arg>
<arg>Click Element</arg>
<arg>${locator}</arg>
<doc>Runs the specified keyword and retries if it fails.</doc>
<status status="PASS" start="2026-04-22T18:09:10.497838" elapsed="3.294420"/>
</kw>
<arg>id=sales_close</arg>
<status status="PASS" start="2026-04-22T18:09:10.256387" elapsed="3.535974"/>
</kw>
<kw name="Wait And Click">
<kw name="Wait Until Keyword Succeeds" owner="BuiltIn">
<kw name="Wait Until Element Is Visible" owner="SeleniumLibrary">
<arg>${locator}</arg>
<arg>15s</arg>
<doc>Waits until the element ``locator`` is visible.</doc>
<status status="PASS" start="2026-04-22T18:09:13.793151" elapsed="0.015386"/>
</kw>
<arg>10x</arg>
<arg>2s</arg>
<arg>Wait Until Element Is Visible</arg>
<arg>${locator}</arg>
<arg>15s</arg>
<doc>Runs the specified keyword and retries if it fails.</doc>
<status status="PASS" start="2026-04-22T18:09:13.792939" elapsed="0.015715"/>
</kw>
<kw name="Wait Until Keyword Succeeds" owner="BuiltIn">
<kw name="Click Element" owner="SeleniumLibrary">
<msg time="2026-04-22T18:09:13.809384" level="INFO">Clicking element 'id=profile'.</msg>
<arg>${locator}</arg>
<doc>Click the element identified by ``locator``.</doc>
<status status="PASS" start="2026-04-22T18:09:13.809125" elapsed="0.111421"/>
</kw>
<arg>10x</arg>
<arg>2s</arg>
<arg>Click Element</arg>
<arg>${locator}</arg>
<doc>Runs the specified keyword and retries if it fails.</doc>
<status status="PASS" start="2026-04-22T18:09:13.808855" elapsed="0.112196"/>
</kw>
<arg>id=profile</arg>
<status status="PASS" start="2026-04-22T18:09:13.792590" elapsed="0.128596"/>
</kw>
<kw name="Wait And Click">
<kw name="Wait Until Keyword Succeeds" owner="BuiltIn">
<kw name="Wait Until Element Is Visible" owner="SeleniumLibrary">
<arg>${locator}</arg>
<arg>15s</arg>
<doc>Waits until the element ``locator`` is visible.</doc>
<status status="PASS" start="2026-04-22T18:09:13.922054" elapsed="0.223713"/>
</kw>
<arg>10x</arg>
<arg>2s</arg>
<arg>Wait Until Element Is Visible</arg>
<arg>${locator}</arg>
<arg>15s</arg>
<doc>Runs the specified keyword and retries if it fails.</doc>
<status status="PASS" start="2026-04-22T18:09:13.921830" elapsed="0.224061"/>
</kw>
<kw name="Wait Until Keyword Succeeds" owner="BuiltIn">
<kw name="Click Element" owner="SeleniumLibrary">
<msg time="2026-04-22T18:09:14.146506" level="INFO">Clicking element 'id=btn_profile_onSignout'.</msg>
<arg>${locator}</arg>
<doc>Click the element identified by ``locator``.</doc>
<status status="PASS" start="2026-04-22T18:09:14.146285" elapsed="0.792907"/>
</kw>
<arg>10x</arg>
<arg>2s</arg>
<arg>Click Element</arg>
<arg>${locator}</arg>
<doc>Runs the specified keyword and retries if it fails.</doc>
<status status="PASS" start="2026-04-22T18:09:14.146060" elapsed="0.793293"/>
</kw>
<arg>id=btn_profile_onSignout</arg>
<status status="PASS" start="2026-04-22T18:09:13.921462" elapsed="1.017999"/>
</kw>
<status status="PASS" start="2026-04-22T18:08:58.452955" elapsed="16.486706"/>
</test>
<status status="PASS" start="2026-04-22T18:08:58.285721" elapsed="16.654641"/>
</suite>
<statistics>
<total>
<stat pass="1" fail="0" skip="0">All Tests</stat>
</total>
<tag>
</tag>
<suite>
<stat name="Temp" id="s1" pass="1" fail="0" skip="0">Temp</stat>
</suite>
</statistics>
<errors>
<msg time="2026-04-22T18:08:58.285889" level="ERROR">Error in file '/Users/wattmonk/Desktop/AUTOSCRIPT_20APRIL/AutoScript_Genarator.Ai/backend/temp.robot' on line 5: Setting variable '$${BROWSER}' failed: Invalid variable name '$${BROWSER}'.</msg>
</errors>
</robot>
